c:\users\kem\documents\visual studio 2013\projects\proj.4 - graphs\proj.4 - graphs\debug\vc120.pdb
c:\users\kem\documents\visual studio 2013\projects\proj.4 - graphs\proj.4 - graphs\debug\vc120.idb
c:\users\kem\documents\visual studio 2013\projects\proj.4 - graphs\proj.4 - graphs\debug\proj.4 - graphs.obj
c:\users\kem\documents\visual studio 2013\projects\proj.4 - graphs\proj.4 - graphs\debug\stdafx.obj
c:\users\kem\documents\visual studio 2013\projects\proj.4 - graphs\debug\proj.4 - graphs.pdb
c:\users\kem\documents\visual studio 2013\projects\proj.4 - graphs\proj.4 - graphs\debug\proj.4 - graphs.tlog\cl.command.1.tlog
c:\users\kem\documents\visual studio 2013\projects\proj.4 - graphs\proj.4 - graphs\debug\proj.4 - graphs.tlog\cl.read.1.tlog
c:\users\kem\documents\visual studio 2013\projects\proj.4 - graphs\proj.4 - graphs\debug\proj.4 - graphs.tlog\cl.write.1.tlog
c:\users\kem\documents\visual studio 2013\projects\proj.4 - graphs\proj.4 - graphs\debug\proj.4 - graphs.tlog\link-cvtres.read.1.tlog
c:\users\kem\documents\visual studio 2013\projects\proj.4 - graphs\proj.4 - graphs\debug\proj.4 - graphs.tlog\link-cvtres.write.1.tlog
c:\users\kem\documents\visual studio 2013\projects\proj.4 - graphs\proj.4 - graphs\debug\proj.4 - graphs.tlog\link-rc.read.1.tlog
c:\users\kem\documents\visual studio 2013\projects\proj.4 - graphs\proj.4 - graphs\debug\proj.4 - graphs.tlog\link-rc.write.1.tlog
c:\users\kem\documents\visual studio 2013\projects\proj.4 - graphs\proj.4 - graphs\debug\proj.4 - graphs.tlog\link.7196-cvtres.read.1.tlog
c:\users\kem\documents\visual studio 2013\projects\proj.4 - graphs\proj.4 - graphs\debug\proj.4 - graphs.tlog\link.7196-cvtres.write.1.tlog
c:\users\kem\documents\visual studio 2013\projects\proj.4 - graphs\proj.4 - graphs\debug\proj.4 - graphs.tlog\link.7196-rc.read.1.tlog
c:\users\kem\documents\visual studio 2013\projects\proj.4 - graphs\proj.4 - graphs\debug\proj.4 - graphs.tlog\link.7196-rc.write.1.tlog
c:\users\kem\documents\visual studio 2013\projects\proj.4 - graphs\proj.4 - graphs\debug\proj.4 - graphs.tlog\link.7196.read.1.tlog
c:\users\kem\documents\visual studio 2013\projects\proj.4 - graphs\proj.4 - graphs\debug\proj.4 - graphs.tlog\link.7196.write.1.tlog
c:\users\kem\documents\visual studio 2013\projects\proj.4 - graphs\proj.4 - graphs\debug\proj.4 - graphs.tlog\link.command.1.tlog
c:\users\kem\documents\visual studio 2013\projects\proj.4 - graphs\proj.4 - graphs\debug\proj.4 - graphs.tlog\link.read.1.tlog
c:\users\kem\documents\visual studio 2013\projects\proj.4 - graphs\proj.4 - graphs\debug\proj.4 - graphs.tlog\link.write.1.tlog
